TF (AGI)	x	n	observed (ratio)	X	N	expected (ratio)	p-value	q-value	gene symbol	gene name
AT5G60130	353	722	0.4889196675900277	12890	27206	0.4737925457619643	0.21549252569692579	0.26023145836756784	 	 
AT3G26790	76	722	0.10526315789473684	2463	27206	0.09053150040432258	0.09330830335834964	0.12084353001765426	FUS3	FUSCA 3
AT4G01500	55	722	0.07617728531855955	2043	27206	0.07509372932441373	0.4762379404999109	0.5177789446556663	NGA4	NGATHA4
AT3G18990	165	722	0.22853185595567868	5211	27206	0.1915386311842976	0.006811631441494905	0.012128874352457766	VRN1, REM39	REDUCED VERNALIZATION RESPONSE 1, REPRODUCTIVE MERISTEM 39
AT5G64750	92	722	0.12742382271468145	2201	27206	0.0809012717782842	9.252664299763092e-06	3.197207762987445e-05	ABR1	ABA REPRESSOR1
AT5G65510	10	722	0.013850415512465374	698	27206	0.025656105270896127	0.9899775617285853	0.9899775617285853	PLT7, AIL7	PLETHORA 7, AINTEGUMENTA-like 7
AT1G01250	26	722	0.036011080332409975	667	27206	0.024516650738807617	0.03408127552357954	0.04955985482387192	 	 
AT1G12630	241	722	0.3337950138504155	5960	27206	0.21906932294346834	4.257652473991234e-13	4.3703550394792376e-12	 	 
AT1G19210	211	722	0.2922437673130194	5884	27206	0.21627582150996102	7.433554978765735e-07	3.3260393430631303e-06	 	 
AT1G22810	122	722	0.16897506925207756	2811	27206	0.10332279644196134	3.1592452309506614e-08	1.934344887020668e-07	 	 
AT1G28160	43	722	0.05955678670360111	970	27206	0.03565389987502757	0.0007879309330900186	0.0017515152589071114	 	 
AT1G36060	19	722	0.02631578947368421	641	27206	0.02356097919576564	0.3436952804977045	0.3932775504711438	 	 
AT1G44830	48	722	0.0664819944598338	1398	27206	0.05138572373741086	0.041697784207901024	0.059156612555111614	 	 
AT1G71450	362	722	0.5013850415512465	9574	27206	0.35190766742630303	5.283042913816009e-17	6.82882213674736e-16	 	 
AT1G77200	195	722	0.27008310249307477	4646	27206	0.17077115342203925	8.807817463106407e-12	8.782652270354675e-11	 	 
AT2G33710	161	722	0.22299168975069253	4208	27206	0.1546717635815629	5.978675507167305e-07	2.7454707263176176e-06	 	 
AT4G16750	409	722	0.5664819944598338	10971	27206	0.4032566345659046	2.406067979385976e-19	3.3588708992228223e-18	 	 
AT4G18450	27	722	0.037396121883656507	537	27206	0.019738293023597735	0.001274158879409025	0.0027150657880033848	 	 
AT4G31060	109	722	0.15096952908587258	2623	27206	0.09641255605381166	1.5984143968527266e-06	6.80300761587319e-06	 	 
AT4G32800	132	722	0.18282548476454294	3207	27206	0.11787840917444681	1.688101692780579e-07	8.663933687947384e-07	 	 
AT5G18450	89	722	0.12326869806094183	2095	27206	0.07700507241049769	7.05832185366552e-06	2.539540543226048e-05	 	 
AT5G65130	67	722	0.09279778393351801	1742	27206	0.06402999338381239	0.0015013757819199059	0.0031189294517264712	 	 
AT4G25490	196	722	0.27146814404432135	5372	27206	0.19745644343159596	6.811918761177512e-07	3.087480061884353e-06	ATCBF1, CBF1, DREB1B	DRE BINDING PROTEIN 1B, C-repeat/DRE binding factor 1, NA
AT4G25470	120	722	0.16620498614958448	3004	27206	0.11041681981915753	3.087298308191883e-06	1.2384679420218013e-05	DREB1C, FTQ4, CBF2, ATCBF2	FREEZING TOLERANCE QTL 4, DRE/CRT-BINDING PROTEIN 1C, NA, C-repeat/DRE binding factor 2
AT4G25480	157	722	0.21745152354570638	4064	27206	0.14937881349702273	4.811958851948701e-07	2.2694238369325633e-06	DREB1A, ATCBF3, CBF3	C-REPEAT BINDING FACTOR  3, NA, dehydration response element B1A
AT5G51990	298	722	0.41274238227146814	8325	27206	0.3059986767624789	4.923071048529332e-10	3.7351125998624725e-09	CBF4, DREB1D	DEHYDRATION-RESPONSIVE ELEMENT-BINDING PROTEIN 1D, C-repeat-binding factor 4
AT3G50260	451	722	0.6246537396121884	12825	27206	0.47140336690435936	3.739265482335223e-17	5.019244820519203e-16	CEJ1, ATERF#011, DEAR1	DREB AND EAR MOTIF PROTEIN 1, NA, cooperatively regulated by ethylene and jasmonate 1
AT1G68550	176	722	0.24376731301939059	4691	27206	0.17242520032345807	5.391649675028866e-07	2.5089143154467656e-06	CRF10	cytokinin response factor 10
AT1G12610	101	722	0.13988919667590027	2205	27206	0.08104829816952143	4.615926244694038e-08	2.7775142403417575e-07	DDF1	DWARF AND DELAYED FLOWERING 1
AT1G63030	23	722	0.03185595567867036	314	27206	0.011541571712122325	1.2974492269694026e-05	4.396211458372053e-05	ddf2	DWARF AND DELAYED FLOWERING 2
AT5G67190	114	722	0.15789473684210525	2932	27206	0.10777034477688745	1.9190388099304634e-05	6.298190052445382e-05	DEAR2	DREB and EAR motif protein 2
AT2G23340	104	722	0.1440443213296399	2758	27206	0.10137469675806807	0.0001531952156115722	0.0004081307652552572	DEAR3	DREB and EAR motif protein 3
AT4G06746	72	722	0.0997229916897507	2105	27206	0.07737263838859075	0.016045510000336466	0.02583171769714047	DEAR5, RAP2.9	related to AP2 9, DREB AND EAR MOTIF PROTEIN 5
AT2G38340	123	722	0.1703601108033241	3451	27206	0.12684701903991766	0.00037127210428153877	0.000925528317101836	DREB19	dehydration response element-binding protein 19
AT5G51190	106	722	0.14681440443213298	2624	27206	0.09644931265162096	7.964972335958865e-06	2.8078538840905497e-05	 	 
AT1G03800	159	722	0.22022160664819945	4168	27206	0.1532014996691906	8.62455236089683e-07	3.810087055636701e-06	ERF10, ATERF10	ARABIDOPSIS THALIANA RF DOMAIN PROTEIN 10, ERF domain protein 10
AT5G07310	87	722	0.12049861495844875	2053	27206	0.0754612953025068	9.935436380409722e-06	3.399477741924503e-05	 	 
AT1G28370	203	722	0.28116343490304707	5657	27206	0.2079320738072484	1.2895248320197515e-06	5.556100819443127e-06	ATERF11, ERF11	ERF domain protein 11, ERF DOMAIN PROTEIN 11
AT2G31230	248	722	0.34349030470914127	7422	27206	0.27280746894067487	1.4069074037275063e-05	4.721256575970189e-05	ATERF15, ERF15	ethylene-responsive element binding factor 15
AT5G47220	38	722	0.05263157894736842	663	27206	0.02436962434757039	8.871654165736685e-06	3.0962073038421034e-05	ATERF2, ERF2, ATERF-2	ethylene responsive element binding factor 2, ETHYLENE RESPONSIVE ELEMENT BINDING FACTOR 2, ETHYLENE RESPONSE FACTOR- 2
AT2G35700	186	722	0.25761772853185594	4367	27206	0.16051606263324267	9.305665495691262e-12	9.02132571665625e-11	ATERF38, ERF38	ERF family protein 38, ERF FAMILY PROTEIN 38
AT1G50640	110	722	0.1523545706371191	2671	27206	0.09817687274865838	2.161623332115099e-06	8.981030272716306e-06	ERF3, ATERF3	ethylene responsive element binding factor 3, NA
AT3G15210	182	722	0.2520775623268698	4758	27206	0.17488789237668162	8.134919200213809e-08	4.579172259475192e-07	ATERF4, ERF4, RAP2.5, ATERF-4	ETHYLENE RESPONSIVE ELEMENT BINDING FACTOR 4, RELATED TO AP2 5, ethylene responsive element binding factor 4
AT5G47230	34	722	0.04709141274238227	700	27206	0.02572961846651474	0.0005902543908486834	0.0013552551474091481	ATERF-5, ATERF5, AtMACD1, ERF5, ERF102	ETHYLENE RESPONSIVE ELEMENT BINDING FACTOR- 5, ETHYLENE RESPONSIVE ELEMENT BINDING FACTOR 5, NA, ethylene responsive element binding factor 5
AT3G20310	322	722	0.44598337950138506	10522	27206	0.38675292214952584	0.0005759259100499772	0.001331113527201603	ATERF-7, ATERF7, ERF7	ethylene response factor 7, NA
AT1G53170	196	722	0.27146814404432135	5268	27206	0.19363375725942808	1.6533951076185806e-07	8.663933687947384e-07	ATERF-8, ATERF8, ERF8	ethylene response factor 8, NA, ETHYLENE RESPONSE ELEMENT BINDING FACTOR 4
AT3G23220	70	722	0.09695290858725762	1346	27206	0.049474380651326914	6.727631345441499e-08	3.9132388992651387e-07	ESE1	ethylene and salt inducible 1
AT5G25190	179	722	0.24792243767313019	4281	27206	0.15735499522164229	1.251718777265674e-10	1.0921246331643003e-09	ESE3	ethylene and salt inducible 3
AT5G13910	18	722	0.024930747922437674	501	27206	0.018415055502462693	0.12146226387878438	0.15414665488616636	LEP	LEAFY PETIOLE
AT5G10510	8	722	0.0110803324099723	511	27206	0.01878262148055576	0.9630197506299316	0.9726810281268256	PLT3, AIL6	PLETHORA 3, AINTEGUMENTA-like 6
AT5G52020	245	722	0.33933518005540164	6069	27206	0.22307579210468279	2.856257877212402e-13	3.0207090883246306e-12	 	 
AT5G19790	86	722	0.11911357340720222	2273	27206	0.08354774682055428	0.0005400415318837302	0.0012662600931898577	RAP2.11	related to AP2 11
AT1G53910	192	722	0.2659279778393352	5399	27206	0.19844887157244726	5.2369657240086785e-06	1.988948004984957e-05	RAP2.12	related to AP2 12
AT1G46768	79	722	0.10941828254847645	1889	27206	0.0694332132617805	4.1214597586257065e-05	0.00011790077506232552	RAP2.1	related to AP2 1
AT1G43160	89	722	0.12326869806094183	2248	27206	0.08262883187532162	9.467058732632158e-05	0.0002622224998165574	RAP2.6	related to AP2 6
AT4G34410	157	722	0.21745152354570638	3945	27206	0.14500477835771522	7.354330898134818e-08	4.207641776145986e-07	RRTF1	redox responsive transcription factor 1
AT5G25810	77	722	0.10664819944598337	1602	27206	0.058884069690509445	3.483340621139845e-07	1.7122336292645153e-06	tny	TINY
AT1G19850	503	722	0.6966759002770083	16725	27206	0.6147540983606558	1.978242781371743e-06	8.31815338191251e-06	IAA24, MP, ARF5	AUXIN RESPONSE FACTOR 5, indole-3-acetic acid inducible 24, MONOPTEROS
AT5G62000	249	722	0.3448753462603878	9252	27206	0.34007204293170623	0.40513045834252726	0.45317477551776286	HSS, ARF2, ORE14, ARF1-BP	ARF1-BINDING PROTEIN, HLS1 SUPPRESSOR, auxin response factor 2, ORESARA 14
AT1G20910	164	722	0.22714681440443213	6556	27206	0.24097625523781518	0.8221867784184712	0.8539975763929954	 	 
AT2G01930	46	722	0.06371191135734072	1229	27206	0.04517385870763802	0.012497823650887054	0.020770192638855153	BPC1, ATBPC1, BBR	BASIC PENTACYSTEINE1, NA, basic pentacysteine1
AT5G45300	114	722	0.15789473684210525	1951	27206	0.07171212232595751	1.0180895050100481e-15	1.2689758473160956e-14	BAM8, BMY2	BETA-AMYLASE 8, beta-amylase 2
AT2G31220	46	722	0.06371191135734072	913	27206	0.03355877379989708	2.841486131454292e-05	8.623292694587373e-05	 	 
AT1G51140	262	722	0.3628808864265928	7995	27206	0.2938689994854076	3.0263128891495558e-05	9.105027571665474e-05	AKS1, FBH3	ABA-responsive kinase substrate 1, FLOWERING BHLH 3
AT5G46830	226	722	0.31301939058171746	7057	27206	0.2593913107402779	0.000615490393607632	0.0014039617475102193	ATNIG1, NIG1	NACL-INDUCIBLE GENE 1, NACL-inducible gene 1
AT1G59640	97	722	0.13434903047091412	1651	27206	0.06068514298316548	1.3989472386475618e-13	1.5257268321499971e-12	BPEp, BPEub, BPE, ZCW32	BIG PETAL, NA, BIG PETAL UB, BIG PETAL P
AT1G35460	163	722	0.2257617728531856	4976	27206	0.18290083069911048	0.0018541358604206566	0.003806431854628289	FBH1	FLOWERING BHLH 1
AT5G08130	35	722	0.04847645429362881	615	27206	0.022605307652723665	2.3095357914777794e-05	7.196678493087008e-05	BIM1	NA
AT1G69010	395	722	0.5470914127423823	10132	27206	0.3724178490038962	3.55406402559778e-22	5.392905847537501e-21	BIM2	BES1-interacting Myc-like protein 2
AT1G45249	165	722	0.22853185595567868	2112	27206	0.0776299345732559	1.451371094432683e-37	2.9795794821000375e-36	ABF2, AtABF2, ATAREB1, AREB1	abscisic acid responsive elements-binding factor 2, NA, ABSCISIC ACID RESPONSIVE ELEMENTS-BINDING PROTEIN 2
AT2G36270	274	722	0.37950138504155123	4188	27206	0.15393663162537677	8.1273128769779e-51	4.727386990108812e-49	ABI5, GIA1, AtABI5	GROWTH-INSENSITIVITY TO ABA 1, ABA INSENSITIVE 5, NA
AT3G56850	275	722	0.3808864265927978	3936	27206	0.14467396897743146	6.429942405644628e-57	7.480166331899916e-55	AREB3, DPBF3	ABA-responsive element binding protein 3, NA
AT2G35530	137	722	0.18975069252077562	1630	27206	0.05991325442917004	3.8889668869449824e-34	6.786247217718994e-33	AtbZIP16, bZIP16	basic region/leucine zipper transcription factor 16, NA
AT2G40620	114	722	0.15789473684210525	3610	27206	0.13269131809159745	0.02656269943927539	0.040131524261069744	 	 
AT3G10800	132	722	0.18282548476454294	1469	27206	0.05399544218187165	7.864350408534791e-36	1.52481016254369e-34	BZIP28	NA
AT5G15830	336	722	0.46537396121883656	6440	27206	0.2367124898919356	2.936682565732301e-42	7.883863195696715e-41	bZIP3, AtbZIP3	basic leucine-zipper 3
AT1G75390	168	722	0.23268698060941828	2485	27206	0.09134014555612732	1.3607538646891053e-30	2.2614433275071322e-29	AtbZIP44, bZIP44	basic leucine-zipper 44
AT2G04038	72	722	0.0997229916897507	744	27206	0.02734690877012424	2.1890819075226815e-21	3.183289940522566e-20	bZIP48, AtbZIP48	basic leucine-zipper 48
AT1G77920	159	722	0.22022160664819945	3324	27206	0.1221789311181357	5.407776290146204e-14	6.291046417536751e-13	TGA7	TGACG sequence-specific binding protein 7
AT1G06850	150	722	0.2077562326869806	4715	27206	0.17330735867088143	0.008588926963568746	0.014766184779731491	AtbZIP52, bZIP52	basic leucine-zipper 52
AT3G62420	327	722	0.45290858725761773	5764	27206	0.21186502977284422	7.54230292702665e-49	3.760376745046144e-47	BZIP53, ATBZIP53	basic region/leucine zipper motif 53
AT1G32150	357	722	0.49445983379501385	6979	27206	0.25652429611115196	6.048193081549512e-44	2.1108193854607795e-42	AtbZIP68, bZIP68	basic region/leucine zipper transcription factor 68, NA
AT2G46270	318	722	0.4404432132963989	5255	27206	0.19315592148790708	2.0860112450933338e-53	1.8200448113439338e-51	GBF3	G-box binding factor 3
AT2G18160	178	722	0.24653739612188366	2268	27206	0.08336396383150775	4.600204754822347e-41	1.1467653281664278e-39	ATBZIP2, bZIP2, FTM3, GBF5	basic leucine-zipper 2, FLORAL TRANSITION AT THE MERISTEM3, G-BOX BINDING FACTOR 5
AT4G34590	381	722	0.5277008310249307	7781	27206	0.286003087554216	1.9381278652940704e-43	6.149151136251187e-42	ATB2, GBF6, BZIP11, AtbZIP11	Arabidopsis thaliana basic leucine-zipper 11, G-box binding factor 6, NA
AT5G06839	28	722	0.038781163434903045	628	27206	0.02308314342424465	0.005659178094485903	0.01028673518216448	bZIP65, TGA10	TGACG (TGA) motif-binding protein 10, NA
AT5G65210	160	722	0.22160664819944598	3646	27206	0.13401455561273248	4.775843594292925e-11	4.273767729251874e-10	TGA1	TGACG sequence-specific binding protein 1
AT5G06950	105	722	0.14542936288088643	2144	27206	0.07880614570315371	6.795815033345522e-10	4.94112384716164e-09	TGA2, AHBP-1B	TGACG sequence-specific binding protein 2, NA
AT1G22070	135	722	0.18698060941828254	3067	27206	0.11273248548114387	1.9739583439241396e-09	1.3248297346721629e-08	TGA3	TGA1A-related gene 3
AT5G10030	145	722	0.20083102493074792	3516	27206	0.1292361978975226	3.079392421450712e-08	1.9191213483683897e-07	OBF4, TGA4	TGACG motif-binding factor 4, OCS ELEMENT BINDING FACTOR 4
AT5G06960	98	722	0.13573407202216067	2308	27206	0.08483422774388003	2.336161008240097e-06	9.59200225736228e-06	TGA5, OBF5	TGACG MOTIF-BINDING FACTOR 5, OCS-element binding factor 5
AT3G12250	356	722	0.4930747922437673	10187	27206	0.3744394618834081	3.105954162106896e-11	2.8525736909876493e-10	TGA6, BZIP45	TGACG motif-binding factor 6, NA
AT1G08320	161	722	0.22299168975069253	3761	27206	0.13824156436080276	2.69043444062455e-10	2.235622904233257e-09	bZIP21, TGA9	NA, TGACG (TGA) motif-binding protein 9
AT1G43700	54	722	0.07479224376731301	1443	27206	0.05303977063882967	0.007192442567804452	0.012741941401846467	VIP1, SUE3	VIRE2-interacting protein 1, sulphate utilization efficiency 3
AT1G78700	233	722	0.32271468144044324	4366	27206	0.16047930603543337	6.223518865512123e-28	9.872764018471504e-27	BEH4	BES1/BZR1 homolog 4
AT4G18890	48	722	0.0664819944598338	787	27206	0.02892744247592443	9.616711535242875e-08	5.24411300906213e-07	BEH3	BES1/BZR1 homolog 3
AT4G36780	269	722	0.37257617728531855	4944	27206	0.18172461956921268	1.0222207228289679e-34	1.8776580645647884e-33	BEH2	BES1/BZR1 homolog 2
AT1G75080	42	722	0.05817174515235457	960	27206	0.0352863338969345	0.00116192560228502	0.002503160711095506	BZR1	BRASSINAZOLE-RESISTANT 1
AT1G51700	295	722	0.4085872576177285	9240	27206	0.33963096375799456	5.321324901954822e-05	0.00015098718624245795	DOF1, ADOF1	DOF zinc finger protein 1
AT1G47655	27	722	0.037396121883656507	944	27206	0.03469822833198559	0.37226150844444983	0.42181580015296427	 	 
AT1G64620	318	722	0.4404432132963989	9660	27206	0.3550687348379034	1.000623693104375e-06	4.365220861167836e-06	 	 
AT1G69570	197	722	0.27285318559556787	6388	27206	0.23480114680585165	0.008948989592626237	0.01530979101875763	 	 
AT2G28810	424	722	0.5872576177285319	14654	27206	0.5386311842975814	0.0043218826940369945	0.008109339033435005	 	 
AT3G45610	355	722	0.4916897506925208	11966	27206	0.4398294493861648	0.002557995138979587	0.005072388088090204	DOF6	DOF transcription factor 6
AT3G52440	158	722	0.2188365650969529	5369	27206	0.19734617363816806	0.07861112191438457	0.10352936433252911	 	 
AT4G38000	157	722	0.21745152354570638	4985	27206	0.18323164007939424	0.010184367101644803	0.017170744533690996	DOF4.7	DNA binding with one finger 4.7
AT5G02460	480	722	0.6648199445983379	16899	27206	0.6211497463794751	0.007574933468193338	0.013351776668684218	 	 
AT5G62940	470	722	0.6509695290858726	16515	27206	0.6070352128207013	0.007647851844416499	0.013408889823927857	DOF5.6, HCA2	DNA BINDING WITH ONE FINGER 5.6, HIGH CAMBIAL ACTIVITY2
AT5G66940	421	722	0.5831024930747922	14312	27206	0.5260604278467985	0.00102954835828215	0.002259826270694782	 	 
AT3G47500	207	722	0.2867036011080332	6342	27206	0.23311034330662353	0.0004246998822001185	0.0010365053069079815	CDF3	cycling DOF factor 3
AT1G29160	284	722	0.39335180055401664	8733	27206	0.320995368668676	1.9309637123543147e-05	6.298190052445382e-05	 	 
AT2G46590	327	722	0.45290858725761773	10600	27206	0.38961993677865175	0.00025995121712655384	0.0006670806968909359	DAG2	DOF AFFECTING GERMINATION 2
AT2G37590	379	722	0.5249307479224377	12278	27206	0.45129750790266854	3.430108208084456e-05	0.00010144981056114195	DOF2.4, ATDOF2.4	NA, DNA binding with one finger 2.4
AT4G21030	29	722	0.04016620498614958	731	27206	0.02686907299860325	0.021529370946564867	0.03354352884085329	ATDOF4;2, ATDOF4.2	NA
AT4G21080	438	722	0.6066481994459834	14693	27206	0.5400646916121444	0.0001490647306668654	0.0004032836511840002	DOF4.5, AtDOF4.5	NA, DNA-binding with One Finger 4.5
AT3G50410	430	722	0.5955678670360111	14784	27206	0.5434095420127913	0.002376851468231917	0.004740120928073938	OBP1	OBF binding protein 1
AT3G55370	328	722	0.45429362880886426	10921	27206	0.4014188046754392	0.001963201376202588	0.003937685518935076	OBP3	OBF-binding protein 3
AT5G60850	314	722	0.43490304709141275	10467	27206	0.384731309270014	0.002951374299383773	0.005786683317331106	OBP4	OBF binding protein 4
AT1G08010	101	722	0.13988919667590027	2746	27206	0.10093361758435639	0.00046484260996518825	0.0011265977144295188	GATA11	GATA transcription factor 11
AT4G36620	9	722	0.012465373961218837	199	27206	0.0073145629640520475	0.08444444918750516	0.11037869949977265	GATA19, HANL2	hanaba taranu like 2, GATA transcription factor 19
AT3G24050	30	722	0.04155124653739612	934	27206	0.034330662353892524	0.16377317280126255	0.20560013420014617	GATA1	GATA transcription factor 1
AT3G60530	46	722	0.06371191135734072	1361	27206	0.05002572961846651	0.05611101782638797	0.07709742213153307	GATA4	GATA transcription factor 4
AT1G69180	249	722	0.3448753462603878	7396	27206	0.2718517973976329	7.485576922270104e-06	2.6657819855839453e-05	CRC	CRABS CLAW
AT2G15740	112	722	0.15512465373961218	2781	27206	0.10222009850768213	4.848994101155485e-06	1.880332157003627e-05	 	 
AT3G60580	239	722	0.33102493074792244	8842	27206	0.32500183782989045	0.3767846326824924	0.4255593424148539	 	 
AT4G26030	237	722	0.32825484764542934	8528	27206	0.3134602661177681	0.20344642767535986	0.24826154985559648	 	 
AT5G04390	209	722	0.2894736842105263	7462	27206	0.27427773285304713	0.1876383084442706	0.2301633210211275	 	 
AT5G22990	156	722	0.21606648199445982	4337	27206	0.15941336469896347	3.0692538111254934e-05	9.155295556263224e-05	 	 
AT5G66730	90	722	0.12465373961218837	1834	27206	0.06741160038226862	1.215355049379457e-08	7.71198022242601e-08	IDD1, ENY	INDETERMINATE DOMAIN 1, ENHYDROUS
AT2G02080	322	722	0.44598337950138506	9357	27206	0.34393148570168347	5.699723528143518e-09	3.753214172305826e-08	AtIDD4, IDD4	indeterminate(ID)-domain 4
AT1G55110	175	722	0.24238227146814403	4200	27206	0.15437771079908844	2.9033830746099617e-10	2.3564667279973874e-09	IDD7, AtIDD7	indeterminate(ID)-domain 7
AT5G03150	86	722	0.11911357340720222	1965	27206	0.07222671469528781	3.272488612467589e-06	1.2978392338081689e-05	JKD	JACKDAW
AT2G01940	74	722	0.10249307479224377	2043	27206	0.07509372932441373	0.004020546406295055	0.007625927694548773	ATIDD15, SGR5	SHOOT GRAVITROPISM 5, ARABIDOPSIS THALIANA INDETERMINATE(ID)-DOMAIN 15
AT1G27730	350	722	0.48476454293628807	13417	27206	0.49316327280746897	0.6897218025366519	0.7315240288922605	STZ, ZAT10	NA, salt tolerance zinc finger
AT1G51220	88	722	0.12188365650969529	3183	27206	0.11699625082702345	0.3565239842438122	0.40529925244654874	WIP5, AtWIP5	WIP domain protein 5, NA
AT5G08750	24	722	0.0332409972299169	872	27206	0.032051753289715504	0.4568703570298622	0.501408033344094	 	 
AT5G63260	318	722	0.4404432132963989	10611	27206	0.39002425935455415	0.002883148808005693	0.0056848527344293045	 	 
AT5G09410	111	722	0.15373961218836565	2295	27206	0.08435639197235904	4.1742696639946516e-10	3.2373780282980746e-09	EICBP.B, CAMTA1	ethylene induced calmodulin binding protein, calmodulin-binding transcription activator 1
AT4G16150	39	722	0.054016620498614956	673	27206	0.024737190325663457	5.2430721048314055e-06	1.988948004984957e-05	 	 
AT2G20110	111	722	0.15373961218836565	4428	27206	0.1627582150996104	0.7614945652013704	0.7956934229199948	 	 
AT3G22760	132	722	0.18282548476454294	5548	27206	0.20392560464603396	0.9310933506742958	0.9529371829481795	SOL1	NA
AT4G14770	139	722	0.1925207756232687	5249	27206	0.19293538190105125	0.5267782404846336	0.5709490867364507	TCX2, ATTCX2	TESMIN/TSO1-LIKE CXC 2, TESMIN/TSO1-like CXC 2
AT5G14960	25	722	0.03462603878116344	979	27206	0.03598470925531133	0.6073884985621072	0.6502410613440963	E2L1, E2FD, DEL2	NA, DP-E2F-like 2
AT2G36010	50	722	0.06925207756232687	1290	27206	0.047416011174005734	0.005008208462581867	0.009346870339257067	E2F3, ATE2FA	E2F transcription factor 3, NA
AT3G20770	39	722	0.054016620498614956	1118	27206	0.04109387635080497	0.0510203546873013	0.07094065253333925	EIN3, AtEIN3	ETHYLENE-INSENSITIVE3, NA
AT4G15090	36	722	0.04986149584487535	748	27206	0.027493935161361463	0.00048753716000517715	0.0011654141701493619	FAR1	FAR-RED IMPAIRED RESPONSE 1
AT1G25550	249	722	0.3448753462603878	8432	27206	0.30993163272807467	0.02258537160307208	0.034723765151859716	 	 
AT1G49560	214	722	0.296398891966759	7001	27206	0.2573329412629567	0.009092092385497689	0.01547873289043265	 	 
AT1G68670	226	722	0.31301939058171746	7410	27206	0.27236638976696315	0.007829910357368809	0.013595217486177685	 	 
AT2G01060	245	722	0.33933518005540164	8458	27206	0.31088730427111666	0.05203025593587012	0.07205777508578838	 	 
AT2G03500	280	722	0.3878116343490305	9700	27206	0.35653899875027567	0.04163357352849317	0.059156612555111614	 	 
AT2G40260	123	722	0.1703601108033241	4565	27206	0.1677938689994854	0.4415957070237815	0.48811807177488004	 	 
AT3G04030	346	722	0.4792243767313019	11856	27206	0.4357862236271411	0.00959169516423413	0.016250007826785005	MYR2	NA
AT3G24120	502	722	0.6952908587257618	19124	27206	0.7029331765051827	0.6916989384941146	0.7315240288922605	 	 
AT4G37180	293	722	0.40581717451523547	9979	27206	0.3667940895390723	0.015580913745522208	0.025409994846669396	 	 
AT5G29000	149	722	0.20637119113573407	4077	27206	0.1498566492685437	2.1769205226603223e-05	6.844551913589662e-05	PHL1	PHR1-like 1
AT5G45580	342	722	0.47368421052631576	11902	27206	0.43747702712636916	0.025819774747904308	0.03934978771623844	 	 
AT4G00250	261	722	0.36149584487534625	9162	27206	0.33676394912886864	0.08352920584407938	0.10959283022399889	 	 
AT2G06200	145	722	0.20083102493074792	5295	27206	0.19462618540027934	0.34938067996794686	0.39847665787193937	AtGRF6, GRF6	growth-regulating factor 6
AT4G00730	157	722	0.21745152354570638	5649	27206	0.20763802102477394	0.2683784146902603	0.3122135557563362	ANL2, AHDP	ARABIDOPSIS THALIANA HOMEODOMAIN PROTEIN, ANTHOCYANINLESS 2
AT1G52150	165	722	0.22853185595567868	5388	27206	0.1980445489965449	0.02222515889105268	0.03432115244680259	CNA, ATHB15, ATHB-15, ICU4	INCURVATA 4, NA, CORONA
AT2G18550	213	722	0.2950138504155125	6124	27206	0.22509740498419467	5.861359876736983e-06	2.1532785231381128e-05	ATHB21, HB-2, HB21	homeobox-2, homeobox protein 21
AT4G36740	432	722	0.5983379501385041	14742	27206	0.5418657649048004	0.0011062995304107212	0.0024131158507083856	HB-5, HB40, ATHB40	NA, homeobox protein 40
AT5G66700	258	722	0.3573407202216066	7658	27206	0.28148202602367123	4.223397956022173e-06	1.6561414456761106e-05	ATHB53, HB53, HB-8	homeobox 53, ARABIDOPSIS THALIANA HOMEOBOX 53, HOMEOBOX-8
AT5G65310	423	722	0.5858725761772853	14295	27206	0.5254355656840403	0.0005420881734430754	0.0012662600931898577	ATHB-5, HB5, ATHB5	NA, homeobox protein 5
AT5G03790	375	722	0.5193905817174516	11605	27206	0.4265603175770051	2.280093575253612e-07	1.1532647213963922e-06	LMI1, ATHB51, HB51	LATE MERISTEM IDENTITY1, NA, homeobox 51
AT1G30490	229	722	0.3171745152354571	7375	27206	0.2710799088436374	0.0030346550046252896	0.00588513273282317	ATHB9, PHV	PHAVOLUTA, NA
AT5G47370	211	722	0.2922437673130194	7602	27206	0.2794236565463501	0.23004003973110526	0.27444179419267056	HAT2	NA
AT1G69780	405	722	0.5609418282548476	13486	27206	0.4956994780563111	0.0002163967497067129	0.0005594256714640208	ATHB13	NA
AT1G70920	46	722	0.06371191135734072	1360	27206	0.04998897302065721	0.05557204942277712	0.07665867687173603	ATHB18, HB18	homeobox-leucine zipper protein 18
AT2G22430	233	722	0.32271468144044324	7960	27206	0.2925825185620819	0.03992137142026094	0.057100650105209295	HB6, ATHB6	homeobox protein 6
AT2G46680	266	722	0.3684210526315789	8422	27206	0.3095640667499816	0.000362981229816788	0.0009113701381730865	HB-7, ATHB7, ATHB-7	homeobox 7, ARABIDOPSIS THALIANA HOMEOBOX 7
AT3G61150	258	722	0.3573407202216066	8282	27206	0.3044181430566787	0.0011356245869539082	0.0024616955332106456	HDG1, HD-GL2-1	HOMEODOMAIN-GLABRA2 1, homeodomain GLABROUS 1
AT4G04890	79	722	0.10941828254847645	1978	27206	0.07270455046680879	0.0001830498812644987	0.0004803338989572184	PDF2	protodermal factor 2
AT4G18880	20	722	0.027700831024930747	717	27206	0.026354480629272953	0.4419636409193756	0.48811807177488004	HSF A4A, AT-HSFA4A	heat shock transcription factor  A4A, ARABIDOPSIS THALIANA HEAT SHOCK TRANSCRIPTION FACTOR  A4A
AT5G16820	191	722	0.26454293628808867	6706	27206	0.24648974490921122	0.1365897930490199	0.1727168035293766	ATHSFA1B, HSFA1B, HSF3, ATHSF3	ARABIDOPSIS HEAT SHOCK FACTOR 3, heat shock factor 3, ARABIDOPSIS THALIANA CLASS A HEAT SHOCK FACTOR 1B, CLASS A HEAT SHOCK FACTOR 1B
AT5G62020	36	722	0.04986149584487535	1103	27206	0.040542527383665365	0.1186453856744927	0.15167487033112803	HSFB2A, AT-HSFB2A	ARABIDOPSIS THALIANA HEAT SHOCK TRANSCRIPTION FACTOR  B2A, heat shock transcription factor  B2A
AT4G11660	27	722	0.037396121883656507	927	27206	0.034073366169227376	0.33705576738198206	0.3869488908431307	AT-HSFB2B, HSFB2B, HSF7	NA, HEAT SHOCK TRANSCRIPTION FACTOR  B2B
AT3G22830	429	722	0.5941828254847645	16479	27206	0.6057119752995662	0.7525150695100457	0.7886719497267446	HSFA6B, AT-HSFA6B	heat shock transcription factor  A6B, ARABIDOPSIS THALIANA HEAT SHOCK TRANSCRIPTION FACTOR A6B
AT3G24520	132	722	0.18282548476454294	4167	27206	0.1531647430713813	0.015747075095366256	0.025561531201315456	HSFC1, AT-HSFC1	NA, heat shock transcription factor  C1
AT2G42430	23	722	0.03185595567867036	540	27206	0.019848562817025656	0.018591403901692158	0.029227026854461997	ASL18, LBD16	ASYMMETRIC LEAVES2-LIKE 18, lateral organ boundaries-domain 16
AT2G45420	162	722	0.22437673130193905	4503	27206	0.16551495993530838	2.0281361673604624e-05	6.553884466748161e-05	LBD18	LOB domain-containing protein 18
AT2G45410	221	722	0.3060941828254848	6835	27206	0.2512313460266118	0.0004236043356420817	0.0010365053069079815	LBD19	LOB domain-containing protein 19
AT3G26620	52	722	0.07202216066481995	1361	27206	0.05002572961846651	0.005608170837634402	0.010247390692850295	LBD23	LOB domain-containing protein 23
AT1G06280	364	722	0.5041551246537396	11660	27206	0.42858193045651694	2.058454508740496e-05	6.59083140871957e-05	LBD2	LOB domain-containing protein 2
AT5G63090	58	722	0.08033240997229917	1184	27206	0.043519811806219215	6.007701019809634e-06	2.1840496415766276e-05	LOB	LATERAL ORGAN BOUNDARIES
AT5G13790	78	722	0.10803324099722991	2032	27206	0.07468940674851136	0.0006558248160883875	0.0014862523429535533	AGL15	AGAMOUS-like 15
AT1G31140	330	722	0.45706371191135736	11483	27206	0.42207601264426964	0.02959212583228094	0.04394745495942999	GOA, AGL63	AGAMOUS-like 63, GORDITA
AT2G22540	249	722	0.3448753462603878	8029	27206	0.2951187238109241	0.0019080011566506448	0.0038825466060193993	AGL22, FAQ1, SVP	Flowering Arabidopsis QTL1, SHORT VEGETATIVE PHASE, AGAMOUS-like 22
AT5G23930	164	722	0.22714681440443213	4466	27206	0.16415496581636405	5.497656914748028e-06	2.0439738085046737e-05	 	 
AT1G19000	292	722	0.40443213296398894	9687	27206	0.3560611629787547	0.0035579760037222565	0.006822712226917954	 	 
AT1G49010	401	722	0.5554016620498615	13448	27206	0.49430272733955744	0.0004962821000318988	0.0011782479789872971	 	 
AT1G72740	71	722	0.09833795013850416	2924	27206	0.107476291994413	0.8053124056223998	0.83896725242453	 	 
AT1G74840	246	722	0.3407202216066482	7603	27206	0.27946041314415937	0.00015248990817914225	0.0004081307652552572	 	 
AT3G09600	426	722	0.590027700831025	8276	27206	0.30419760346982283	2.5922148186481613e-58	4.523414858541041e-56	LCL5, RVE8	LHY-CCA1-LIKE5, REVEILLE 8
AT3G10113	579	722	0.8019390581717452	15664	27206	0.5757553480849813	6.907812106492437e-39	1.5067665157286628e-37	 	 
AT3G11280	71	722	0.09833795013850416	1813	27206	0.06663971182827318	0.0006741853926962567	0.001518004529361249	 	 
AT4G01280	339	722	0.4695290858725762	6654	27206	0.24457840182312726	1.8839189933690957e-40	4.383251524572096e-39	 	 
AT5G05790	100	722	0.13850415512465375	3277	27206	0.12045137102109829	0.07515418274606891	0.10010996098617576	 	 
AT5G08520	148	722	0.20498614958448755	4133	27206	0.15191501874586488	6.4986493260387e-05	0.00018290553345060533	 	 
AT5G47390	372	722	0.5152354570637119	12035	27206	0.442365654635007	4.0080614302074936e-05	0.00011656778659520128	MYBH	MYB hypocotyl elongation-related
AT5G52660	224	722	0.31024930747922436	3280	27206	0.12056164081452621	6.1982664302221955e-43	1.8026624867896218e-41	 	 
AT5G56840	249	722	0.3448753462603878	6836	27206	0.25126810262442106	8.205336957300098e-09	5.3030788853661746e-08	 	 
AT5G61620	205	722	0.2839335180055402	5641	27206	0.2073439682422995	4.409645325810938e-07	2.1081729023397497e-06	 	 
AT1G18330	619	722	0.8573407202216067	16878	27206	0.6203778578254797	3.633189422635546e-46	1.5849788856247567e-44	EPR1, RVE7	REVEILLE 7, EARLY-PHYTOCHROME-RESPONSIVE1
AT5G02840	287	722	0.3975069252077562	4110	27206	0.15106961699625082	5.836292024789201e-60	2.0368659166514312e-57	LCL1	LHY/CCA1-like 1
AT1G01060	517	722	0.7160664819944599	11896	27206	0.43725648753951335	3.0146577980795124e-53	2.1042311430594995e-51	LHY, LHY1	LATE ELONGATED HYPOCOTYL, LATE ELONGATED HYPOCOTYL 1
AT5G17300	585	722	0.8102493074792244	15403	27206	0.5661618760567522	6.775756051449827e-45	2.627487624395544e-43	RVE1	REVEILLE 1
AT5G67580	151	722	0.20914127423822715	5446	27206	0.20017643166948468	0.28465092176004664	0.3300437597815823	TRB2, ATTBP3, ATTRB2, TBP3	NA, TELOMERE-BINDING PROTEIN 3, TELOMERE REPEAT BINDING FACTOR 2
AT5G59430	11	722	0.015235457063711912	563	27206	0.020693964566639713	0.8844415548944414	0.9106194236599211	TRP1, ATTRP1	telomeric repeat binding protein 1, TELOMERE REPEAT BINDING PROTEIN 1
AT3G46590	7	722	0.009695290858725761	363	27206	0.013342645004778358	0.85029204932042	0.8805695110172896	TRP2, TRFL1, ATTRP2	TRF-like 1, NA
AT1G74650	386	722	0.5346260387811634	13683	27206	0.5029405278247445	0.04564631648718722	0.06423614699204976	MYB31, ATY13, ATMYB31	ARABIDOPSIS THALIANA MYB DOMAIN PROTEIN 31, NA, myb domain protein 31
AT3G06490	64	722	0.0886426592797784	1909	27206	0.07016834521796662	0.032165507444444165	0.046969715891677886	AtMYB108, MYB108, BOS1	BOTRYTIS-SUSCEPTIBLE1, myb domain protein 108
AT5G56110	215	722	0.29778393351800553	6759	27206	0.24843784459310447	0.0012897932196552892	0.0027150657880033848	MS188, ATMYB80, AtMYB103, MYB80, MYB103	MALE STERILE 188, myb domain protein 103, NA, ARABIDOPSIS THALIANA MYB DOMAIN PROTEIN 80
AT2G32460	13	722	0.018005540166204988	651	27206	0.023928545173858708	0.8845271765636482	0.9106194236599211	ATM1, MYB101, ATMYB101	ARABIDOPSIS THALIANA MYB 1, NA, myb domain protein 101
AT3G02940	189	722	0.26177285318559557	6493	27206	0.23866058957582886	0.07705322663387629	0.1022493387651058	AtMYB107, MYB107	myb domain protein 107
AT5G58850	184	722	0.2548476454293629	4895	27206	0.17992354627655663	2.3199128744134224e-07	1.1566422759575492e-06	MYB119, ATMYB119	MYB DOMAIN PROTEIN 119, myb domain protein 119
AT3G30210	56	722	0.07756232686980609	1853	27206	0.06810997574064545	0.17117844936689797	0.2126024157617345	MYB121, ATMYB121	myb domain protein 121, NA
AT1G06180	72	722	0.0997229916897507	2422	27206	0.089024479894141	0.1688562400648454	0.21046724208082518	MYB13, ATMYB13, ATMYBLFGN	myb domain protein 13, NA
AT3G53200	90	722	0.12465373961218837	2929	27206	0.10766007498345953	0.07811187441232192	0.10326153094659224	MYB27, AtMYB27	myb domain protein 27
AT5G06100	415	722	0.574792243767313	14118	27206	0.518929647871793	0.0012914066498812661	0.0027150657880033848	ATMYB33, MYB33	NA, myb domain protein 33
AT4G32730	267	722	0.3698060941828255	7322	27206	0.26913180915974416	1.3233358851899826e-09	9.23688447862608e-09	ATMYB3R1, MYB3R-1, ATMYB3R-1, MYB3R1, PC-MYB1	C-MYB-LIKE TRANSCRIPTION FACTOR 3R-1, NA, A. thaliana MYB domain protein 3R1, MYB DOMAIN PROTEIN 3R1
AT5G11510	75	722	0.1038781163434903	1732	27206	0.06366242740571933	2.095428421520991e-05	6.648222901007508e-05	MYB3R-4, AtMYB3R4	myb domain protein 3r-4, myb domain protein 3R4
AT5G02320	90	722	0.12465373961218837	2334	27206	0.085789899286922	0.00021319783624201383	0.000555268991406439	ATMYB3R5, MYB3R-5	ARABIDOPSIS THALIANA MYB DOMAIN PROTEIN 3R5, myb domain protein 3r-5
AT5G67300	328	722	0.45429362880886426	11038	27206	0.40571932661912813	0.004099772882367361	0.007734166140249778	MYBR1, ATMYBR1, ATMYB44, MYB44	ARABIDOPSIS THALIANA MYB DOMAIN PROTEIN 44, myb domain protein r1, NA
AT5G54230	167	722	0.23130193905817176	5272	27206	0.19378078365066528	0.006355136055781462	0.011432693213751186	MYB49, AtMYB49	myb domain protein 49
AT5G17800	49	722	0.06786703601108034	1198	27206	0.04403440417554951	0.0019282950299655964	0.0038900287020693244	MYB56, AtMYB56	myb domain protein 56
AT3G01530	288	722	0.3988919667590028	9730	27206	0.35764169668455487	0.010993038613734126	0.01844505036631351	MYB57, ATMYB57	myb domain protein 57
AT1G16490	104	722	0.1440443213296399	3861	27206	0.14191722414173344	0.45065473615692225	0.4961466969046242	MYB58, ATMYB58	MYB DOMAIN PROTEIN 58, myb domain protein 58
AT1G09540	84	722	0.11634349030470914	2746	27206	0.10093361758435639	0.09348926391050616	0.12084353001765426	ATMYB61, MYB61	ARABIDOPSIS THALIANA MYB DOMAIN PROTEIN 61, myb domain protein 61
AT1G79180	69	722	0.09556786703601108	2353	27206	0.08648827464529883	0.2064763402391953	0.2510809851689169	ATMYB63, MYB63	MYB DOMAIN PROTEIN 63, myb domain protein 63
AT3G11440	89	722	0.12326869806094183	2565	27206	0.09428067338087187	0.005377408984891274	0.009929712887444733	MYB65, ATMYB65	myb domain protein 65, MYB DOMAIN PROTEIN 65
AT3G12720	390	722	0.5401662049861495	13671	27206	0.5024994486510329	0.021963646095756427	0.03406805549963997	ATY53, MYB67, ATMYB67	myb domain protein 67, NA
AT2G23290	260	722	0.3601108033240997	8427	27206	0.30974784973902814	0.0019134613645711653	0.0038825466060193993	AtMYB70, MYB70	myb domain protein 70
AT4G37260	223	722	0.30886426592797783	7185	27206	0.2640961552598691	0.003620652748195383	0.0069049607055748025	ATMYB73, MYB73	myb domain protein 73, NA
AT3G50060	473	722	0.6551246537396122	16474	27206	0.6055281923105197	0.003035312011198196	0.00588513273282317	MYB77	myb domain protein 77
AT2G26960	98	722	0.13573407202216067	2864	27206	0.1052708961258546	0.005221181213928772	0.009692511934367773	AtMYB81, MYB81	myb domain protein 81
AT2G02820	219	722	0.3033240997229917	6794	27206	0.2497243255164302	0.0005442378624025176	0.0012662600931898577	AtMYB88, MYB88	myb domain protein 88
AT1G34670	88	722	0.12188365650969529	3086	27206	0.1134308608395207	0.24999634431296622	0.2927809535745813	MYB93, AtMYB93	myb domain protein 93
AT5G62470	40	722	0.055401662049861494	1107	27206	0.0406895537749026	0.03087893960561978	0.04566419458627671	ATMYB96, MYBCOV1, MYB96	NA, myb domain protein 96, MYB DOMAIN PROTEIN 96
AT4G18770	148	722	0.20498614958448755	4587	27206	0.16860251415129016	0.0055210541139641914	0.010141304661965804	MYB98, AtMYB98	myb domain protein 98
AT1G02230	130	722	0.18005540166204986	5487	27206	0.20168345217966624	0.9366476522223637	0.9558188029988448	ANAC004, NAC004	NAC domain containing protein 4
AT1G02250	154	722	0.21329639889196675	6448	27206	0.23700654267441007	0.9422743780478003	0.958757311774584	anac005, NAC005	NAC domain containing protein 5
AT1G32870	122	722	0.16897506925207756	4626	27206	0.17003602146585312	0.5464864396307357	0.58865360318249	ANAC13, NAC13, ANAC013	Arabidopsis NAC domain containing protein 13, NAC domain protein 13
AT1G34180	303	722	0.4196675900277008	10965	27206	0.40303609497904874	0.18795572060464566	0.2301633210211275	anac016, NAC016	NAC domain containing protein 16
AT1G34190	84	722	0.11634349030470914	3255	27206	0.11964272586929353	0.6264515606045453	0.6685981487797746	NAC017, anac017	NAC domain containing protein 17
AT1G54330	172	722	0.23822714681440443	6180	27206	0.22715577446151583	0.2486318765115808	0.29216338351024146	ANAC020, NAC020	NAC domain containing protein 20
AT1G65910	169	722	0.23407202216066483	6318	27206	0.23222818495920017	0.46741937770051634	0.5097792588046256	anac028, NAC028	NAC domain containing protein 28
AT2G02450	156	722	0.21606648199445982	5156	27206	0.1895170183047857	0.0377649193391678	0.05446263160896513	AtLOV1, NAC035, ANAC034, ANAC035, LOV1	NAC domain containing protein 35, NA, Arabidopsis NAC domain containing protein 34, LONG VEGETATIVE PHASE 1
AT2G24430	167	722	0.23130193905817176	5259	27206	0.19330294787914432	0.005776095740803385	0.01044485706497607	ANAC038, ANAC039, NAC038	NAC domain containing protein 38, Arabidopsis NAC domain containing protein 39
AT2G43000	176	722	0.24376731301939059	4985	27206	0.18323164007939424	2.336566565965054e-05	7.216475500192954e-05	ANAC042, NAC042, JUB1	NAC domain containing protein 42, JUNGBRUNNEN 1
AT3G03200	246	722	0.3407202216066482	8906	27206	0.3273542600896861	0.23040528853424777	0.27444179419267056	anac045, NAC045	NAC domain containing protein 45
AT3G04060	135	722	0.18698060941828254	4439	27206	0.16316253767551275	0.04597001581615731	0.06443186955758595	anac046, NAC046	NAC domain containing protein 46
AT3G04070	243	722	0.3365650969529086	6448	27206	0.23700654267441007	5.464192172428634e-10	4.0574533365480705e-09	anac047, NAC047	NAC domain containing protein 47
AT3G10480	204	722	0.28254847645429365	7367	27206	0.27078585606116296	0.24770314293272616	0.2920553948767616	NAC050, ANAC050	NAC domain containing protein 50
AT3G10500	117	722	0.16204986149584488	4516	27206	0.16599279570682937	0.6292078749836224	0.6694925255161104	ANAC053, NAC053, NTL4	NAC domain containing protein 53, NAC with transmembrane motif 1-like 4
AT3G15500	230	722	0.3185595567867036	6370	27206	0.23413952804528412	9.53379490427544e-08	5.24411300906213e-07	NAC3, ATNAC3, NAC055, ANAC055	NAC domain containing protein 55, NAC domain containing protein 3
AT3G17730	112	722	0.15512465373961218	3891	27206	0.14301992207601263	0.18661397889662273	0.2301352601940683	NAC057, anac057	NAC domain containing protein 57
AT3G18400	303	722	0.4196675900277008	9742	27206	0.35808277585826653	0.00030698745487173554	0.0007763668242770703	anac058, NAC058	NAC domain containing protein 58
AT3G49530	106	722	0.14681440443213298	3880	27206	0.14261559950011027	0.3880939653535764	0.43691869002709083	NTL6, NAC062, ANAC062	NTM1 (NAC WITH TRANSMEMBRANE MOTIF 1)-LIKE 6, NAC domain containing protein 62
AT4G10350	241	722	0.3337950138504155	8275	27206	0.3041608468720135	0.04418272643004603	0.06242822479387071	ANAC070, BRN2, NAC070	NAC domain containing protein 70, BEARSKIN 2
AT4G17980	318	722	0.4404432132963989	10890	27206	0.40027935014335075	0.01441590405242041	0.023620424949740485	NAC071, anac071	NAC domain containing protein 71
AT4G29230	109	722	0.15096952908587258	3776	27206	0.13879291332794236	0.18219879608406772	0.22548716252957315	anac075, NAC075	NAC domain containing protein 75
AT5G07680	71	722	0.09833795013850416	2581	27206	0.09486877894582077	0.3922879362802584	0.44022022431450214	ATNAC4, ANAC080, NAC080, NAC4, ANAC079	NAC domain containing protein 80, NA, Arabidopsis NAC domain containing protein 79
AT5G13180	278	722	0.3850415512465374	8891	27206	0.3268029111225465	0.00048052448608003307	0.0011565727285650451	VNI2, ANAC083, NAC083	NAC domain containing protein 83, VND-interacting 2
AT5G18270	51	722	0.07063711911357341	2085	27206	0.07663750643240462	0.750191820355125	0.7886052569395742	ANAC087	Arabidopsis NAC domain containing protein 87
AT5G39610	65	722	0.09002770083102493	2466	27206	0.09064177019775049	0.5426613121223752	0.5863430276492537	ATNAC2, ORE1, ATNAC6, NAC6, ANAC092, NAC2	Arabidopsis NAC domain containing protein 92, NAC domain containing protein  2, NAC domain containing protein  6, ORESARA 1
AT5G39820	26	722	0.036011080332409975	705	27206	0.025913401455561272	0.05875993986143725	0.08010632426422501	NAC094, anac094	NAC domain containing protein 94
AT5G46590	240	722	0.33240997229916897	8406	27206	0.30897596118503273	0.09066719470575696	0.11807033937428797	NAC096, anac096	NAC domain containing protein 96
AT5G64060	107	722	0.1481994459833795	4535	27206	0.1666911710652062	0.9211621326834933	0.9455458361957034	NAC103, anac103	NAC domain containing protein 103
AT1G19040	17	722	0.023545706371191136	948	27206	0.03484525472322282	0.9686454083532611	0.9726810281268256	 	 
AT1G01720	265	722	0.3670360110803324	7615	27206	0.27990149231787104	1.5843685256535934e-07	8.506840237740063e-07	ANAC002, ATAF1	NA, Arabidopsis NAC domain containing protein 2
AT3G15170	79	722	0.10941828254847645	2763	27206	0.10155847974711461	0.2561307321887435	0.29896195830726247	CUC1, ATNAC1, ANAC054	CUP-SHAPED COTYLEDON1, NA, Arabidopsis NAC domain containing protein 54
AT5G53950	89	722	0.12326869806094183	3118	27206	0.11460707196941851	0.2454038900381691	0.2903252800790543	ATCUC2, CUC2, ANAC098	CUP-SHAPED COTYLEDON 2, Arabidopsis NAC domain containing protein 98
AT1G76420	166	722	0.2299168975069252	5263	27206	0.19344997427038155	0.007684177549528857	0.013408889823927857	ANAC031, CUC3, NAC368	NA, CUP SHAPED COTYLEDON3, Arabidopsis NAC domain containing protein 31
AT5G04410	197	722	0.27285318559556787	7474	27206	0.2747188120267588	0.5596912654539883	0.601022312749052	anac078, NAC2	Arabidopsis NAC domain containing protein 78, NAC domain containing protein 2
AT1G52880	169	722	0.23407202216066483	4383	27206	0.16110416819819157	1.683925886037311e-07	8.663933687947384e-07	ANAC018, ATNAM, NAM, NARS2	NO APICAL MERISTEM, Arabidopsis NAC domain containing protein 18, NAC-REGULATED SEED MORPHOLOGY 2, NA
AT1G69490	153	722	0.21191135734072022	4061	27206	0.1492685437035948	3.0507143199840382e-06	1.2380224391563131e-05	ATNAP, NAP, ANAC029	Arabidopsis NAC domain containing protein 29, NAC-like, activated by AP3/PI, NAC-LIKE, ACTIVATED BY AP3/PI
AT2G46770	249	722	0.3448753462603878	8770	27206	0.3223553627876204	0.10217755959232774	0.13110282462397935	NST1, ANAC043	NAC  SECONDARY WALL THICKENING PROMOTING FACTOR1, Arabidopsis NAC domain containing protein 43
AT2G27300	135	722	0.18698060941828254	4907	27206	0.18036462545026832	0.33444671768637046	0.38522080684007687	ANAC040, NTL8	NTM1-like 8, Arabidopsis NAC domain containing protein 40
AT4G01540	205	722	0.2839335180055402	8476	27206	0.3115489230316842	0.9529145102633259	0.9667650118659904	ANAC068, NTM1	Arabidopsis NAC domain containing protein 68, NAC with transmembrane motif1
AT4G01550	97	722	0.13434903047091412	4298	27206	0.1579798573844005	0.9674252706525169	0.9726810281268256	NAC069, ANAC069, NTM2	NAC domain containing protein 69, NAC with Transmembrane Motif 2
AT1G79580	323	722	0.4473684210526316	11441	27206	0.4205322355362788	0.07487171350778213	0.10010996098617576	SMB, URP7, ANAC033	Arabidopsis NAC domain containing protein 33, SOMBRERO, UAS-TAGGED ROOT PATTERNING7
AT4G28500	10	722	0.013850415512465374	623	27206	0.022899360435198118	0.9698939764703017	0.9726810281268256	NAC073, SND2, ANAC073	SECONDARY WALL-ASSOCIATED NAC DOMAIN PROTEIN 2, NAC domain containing protein 73
AT1G28470	400	722	0.554016620498615	14171	27206	0.5208777475556863	0.038338731698851596	0.05506262289258933	ANAC010, SND3, NAC010	NAC domain containing protein 10, SECONDARY WALL-ASSOCIATED NAC DOMAIN PROTEIN 3
AT2G18060	163	722	0.2257617728531856	5730	27206	0.2106153054473278	0.16700734614801405	0.2089088308446484	VND1, ANAC037	Arabidopsis NAC domain containing protein 37, vascular related NAC-domain protein 1
AT4G36160	243	722	0.3365650969529086	8794	27206	0.3232375211350437	0.23033446201359725	0.27444179419267056	NAC076, ANAC076, VND2	VASCULAR-RELATED NAC-DOMAIN 2, NAC domain containing protein 76
AT5G66300	80	722	0.11080332409972299	2931	27206	0.10773358817907815	0.4116993169217438	0.4590513150341488	NAC105, VND3, ANAC105	NAC domain containing protein 105, VASCULAR-RELATED NAC-DOMAIN 3, Arabidopsis NAC domain containing protein 105
AT1G12260	237	722	0.32825484764542934	8200	27206	0.3014041020363155	0.06109326693496292	0.08296323019572786	EMB2749, ANAC007, VND4, NAC007	VASCULAR RELATED NAC-DOMAIN PROTEIN 4, EMBRYO DEFECTIVE 2749, NAC 007
AT5G62380	259	722	0.3587257617728532	9384	27206	0.34492391384253474	0.22580408274330116	0.27174353406004176	VND6, ANAC101, NAC101	NAC-domain protein 101, VASCULAR-RELATED NAC-DOMAIN 6
AT4G38170	104	722	0.1440443213296399	3161	27206	0.1161876056752187	0.012126406159034469	0.020249357653124543	FRS9	FAR1-related sequence 9
AT1G24250	62	722	0.08587257617728532	2109	27206	0.07751966477982798	0.21545463277097374	0.26023145836756784	 	 
AT3G21890	342	722	0.47368421052631576	11208	27206	0.4119679482467103	0.0003917909085129215	0.0009697519650426213	BBX31	B-box domain protein 31
AT1G13260	239	722	0.33102493074792244	9274	27206	0.34088068808351096	0.7269031140404134	0.7664325885199526	EDF4, RAV1	ETHYLENE RESPONSE DNA BINDING FACTOR 4, related to ABI3/VP1 1
AT1G49480	344	722	0.47645429362880887	11379	27206	0.4182533264721017	0.0007874895015984506	0.0017515152589071114	RTV1	related to vernalization1 1
AT4G24020	41	722	0.05678670360110803	829	27206	0.030471219583915313	0.00011456395986656242	0.00031482537002701014	NLP7	NIN like protein 7
AT1G74480	26	722	0.036011080332409975	949	27206	0.03488201132103212	0.4621865307390612	0.505652348676904	AtRKD2, URP4, RKD2	UAS-TAGGED ROOT PATTERNING4, RWP-RK domain containing 2, NA
AT3G09735	177	722	0.2451523545706371	6577	27206	0.24174814379181064	0.42879779258757234	0.47659372488236545	 	 
AT5G50670	45	722	0.062326869806094184	1061	27206	0.03899875027567448	0.001457078987329291	0.0030450333328019314	SPL13B, SPL13	SQUAMOSA PROMOTER-BINDING PROTEIN LIKE 13, SQUAMOSA PROMOTER-BINDING PROTEIN LIKE 13B
AT1G20980	90	722	0.12465373961218837	2263	27206	0.08318018084246122	7.346801300030122e-05	0.000205122692296841	ATSPL14, SPL1R2, SPL14, FBR6	NA, squamosa promoter binding protein-like 14, SQUAMOSA PROMOTER BINDING PROTEIN-LIKE 14
AT2G47070	137	722	0.18975069252077562	3731	27206	0.13713886642652356	4.079783222482678e-05	0.00011767308633441775	SPL1	squamosa promoter binding protein-like 1
AT3G15270	159	722	0.22022160664819945	4301	27206	0.15809012717782842	5.505258968465311e-06	2.0439738085046737e-05	SPL5	squamosa promoter binding protein-like 5
AT2G42200	381	722	0.5277008310249307	13831	27206	0.508380504300522	0.15510878812795387	0.19542587385074334	AtSPL9, SPL9	NA, squamosa promoter binding protein-like 9
AT1G69690	60	722	0.08310249307479224	921	27206	0.033852826582371535	1.8150171823155612e-10	1.5449780405564168e-09	TCP15, AtTCP15	NA, TEOSINTE BRANCHED1/CYCLOIDEA/PCF 15
AT1G72010	106	722	0.14681440443213298	2039	27206	0.0749467029331765	1.793486581760059e-11	1.6916941000925964e-10	 	 
AT2G45680	26	722	0.036011080332409975	317	27206	0.011651841505550247	4.3645245437961357e-07	2.1081729023397497e-06	TCP9	TCP domain protein 9
AT5G08330	132	722	0.18282548476454294	2557	27206	0.09398662059839741	5.625650623795333e-14	6.33339376678894e-13	TCP11, AtTCP11	TCP domain protein 11, NA
AT3G27010	58	722	0.08033240997229917	908	27206	0.03337499081085055	7.766150243887369e-10	5.531400887993249e-09	ATTCP20, PCF1, TCP20, AT-TCP20	ARABIDOPSIS THALIANA TEOSINTE BRANCHED 1, CYCLOIDEA, PCF (TCP)-DOMAIN FAMILY PROTEIN 20, NA, TEOSINTE BRANCHED 1, cycloidea, PCF (TCP)-domain family protein 20
AT1G30210	117	722	0.16204986149584488	3053	27206	0.11221789311181357	2.77402188803739e-05	8.492400341447799e-05	ATTCP24, TCP24	NA, TEOSINTE BRANCHED 1, cycloidea, and PCF family 24
AT1G53230	57	722	0.07894736842105263	1293	27206	0.04752628096743365	0.00013397343984883418	0.000365286957087837	TCP3	TEOSINTE BRANCHED 1, cycloidea and PCF transcription factor 3
AT5G23280	66	722	0.09141274238227147	842	27206	0.0309490553554363	4.5765279344574465e-15	5.5076146521574096e-14	 	 
AT1G76880	20	722	0.027700831024930747	472	27206	0.017349114165992795	0.028134588804319256	0.04214150855239236	 	 
AT3G10030	37	722	0.05124653739612189	751	27206	0.027604204954789383	0.00026256483063585834	0.0006688695320577706	 	 
AT3G14180	188	722	0.26038781163434904	4937	27206	0.18146732338454752	6.268226075164746e-08	3.7078150851398246e-07	ASIL2	Arabidopsis 6B-interacting  protein 1-like 2
AT5G05550	270	722	0.3739612188365651	7445	27206	0.27365287069028893	1.7570362777928306e-09	1.2023640410778389e-08	 	 
AT1G13450	13	722	0.018005540166204988	418	27206	0.01536425788429023	0.31934840276123094	0.36904831974725033	GT-1	GT-1
AT1G76890	208	722	0.2880886426592798	6961	27206	0.25586267735058443	0.025570899570205335	0.03914142083334062	GT2, AT-GT2	NA
AT5G01380	57	722	0.07894736842105263	1235	27206	0.04539439829449386	3.933586046089567e-05	0.00011536315378867723	 	 
AT1G33240	260	722	0.3601108033240997	8782	27206	0.32279644196133206	0.017071647733092606	0.027205502551823378	ATGTL1, AT-GTL1, GTL1	NA, GT-2-like 1, GT2-LIKE 1
AT1G30650	126	722	0.1745152354570637	3937	27206	0.14471072557524076	0.013587736342526531	0.022368490488404526	WRKY14, ATWRKY14, AR411	WRKY DNA-BINDING PROTEIN 14, NA, WRKY DNA-binding protein 14
AT2G23320	417	722	0.5775623268698061	14748	27206	0.5420863044916563	0.028421047358034652	0.04238865610236792	WRKY15, AtWRKY15	NA, WRKY DNA-binding protein 15
AT4G31800	355	722	0.4916897506925208	12996	27206	0.4776887451297508	0.23397457198103896	0.27774532524279794	ATWRKY18, WRKY18	ARABIDOPSIS THALIANA WRKY DNA-BINDING PROTEIN 18, WRKY DNA-binding protein 18
AT4G26640	76	722	0.10526315789473684	2017	27206	0.07413805778137175	0.0012820907660070653	0.0027150657880033848	AtWRKY20, WRKY20	NA
AT2G30590	48	722	0.0664819944598338	1370	27206	0.050356538998750276	0.03109809861822893	0.04579424648844682	WRKY21	WRKY DNA-binding protein 21
AT4G01250	419	722	0.5803324099722992	14815	27206	0.5445489965448798	0.02727773711355935	0.04103418212341471	AtWRKY22, WRKY22	NA
AT5G41570	186	722	0.25761772853185594	6051	27206	0.22241417334411526	0.012876762600307012	0.02129853150477321	WRKY24, ATWRKY24	WRKY DNA-binding protein 24, ARABIDOPSIS THALIANA WRKY DNA-BINDING PROTEIN 24
AT2G30250	161	722	0.22299168975069253	4889	27206	0.1797030066897008	0.00159378918770427	0.003291316133188108	ATWRKY25, WRKY25	WRKY DNA-binding protein 25, NA
AT5G52830	83	722	0.1149584487534626	2483	27206	0.0912666323605087	0.017054398341820067	0.027205502551823378	ATWRKY27, WRKY27	ARABIDOPSIS THALIANA WRKY DNA-BINDING PROTEIN 27, WRKY DNA-binding protein 27
AT4G18170	279	722	0.3864265927977839	9623	27206	0.3537087407189591	0.03466104084728564	0.05019378944274975	ATWRKY28, WRKY28	WRKY DNA-binding protein 28, NA
AT4G23550	79	722	0.10941828254847645	2397	27206	0.08810556494890832	0.026438481813263144	0.04011752240360364	ATWRKY29, WRKY29	NA
AT2G38470	132	722	0.18282548476454294	4471	27206	0.16433874880541058	0.09669626265011534	0.12452765928003784	WRKY33, ATWRKY33	WRKY DNA-BINDING PROTEIN 33, WRKY DNA-binding protein 33
AT2G03340	51	722	0.07063711911357341	1216	27206	0.04469602293611703	0.0009208943747811829	0.002034127448092613	WRKY3	WRKY DNA-binding protein 3
AT1G80840	190	722	0.2631578947368421	6131	27206	0.2253547011688598	0.008561511978494026	0.014766184779731491	WRKY40, ATWRKY40	NA, WRKY DNA-binding protein 40
AT3G01970	221	722	0.3060941828254848	7776	27206	0.28581930456516946	0.11933665684383203	0.15200180014050138	ATWRKY45, WRKY45	WRKY DNA-BINDING PROTEIN 45, WRKY DNA-binding protein 45
AT5G26170	291	722	0.40304709141274236	10181	27206	0.37421892229655224	0.05715955200885192	0.07823013196505615	ATWRKY50, WRKY50	WRKY DNA-binding protein 50, ARABIDOPSIS THALIANA WRKY DNA-BINDING PROTEIN 50
AT2G40740	224	722	0.31024930747922436	7217	27206	0.265272366389767	0.0035245398757516623	0.0067959360035211615	ATWRKY55, WRKY55	WRKY DNA-binding protein 55, WRKY DNA-BINDING PROTEIN 55
AT1G29280	218	722	0.30193905817174516	7252	27206	0.2665588473130927	0.017183743091520508	0.027259665177002988	ATWRKY65, WRKY65	WRKY DNA-BINDING PROTEIN 65, WRKY DNA-binding protein 65
AT3G56400	196	722	0.27146814404432135	6714	27206	0.24678379769168565	0.06590851660269856	0.08881108993954362	ATWRKY70, WRKY70	ARABIDOPSIS THALIANA WRKY DNA-BINDING PROTEIN 70, WRKY DNA-binding protein 70
AT1G29860	211	722	0.2922437673130194	7206	27206	0.2648680438138646	0.05085294461273499	0.07094065253333925	ATWRKY71, WRKY71	WRKY DNA-BINDING PROTEIN 71, WRKY DNA-binding protein 71
AT5G13080	382	722	0.5290858725761773	13330	27206	0.48996544879805926	0.018153711195975652	0.028668077861518114	WRKY75, ATWRKY75	WRKY DNA-binding protein 75, ARABIDOPSIS THALIANA WRKY DNA-BINDING PROTEIN 75
AT4G24240	60	722	0.08310249307479224	1772	27206	0.0651326913180916	0.03157696883747446	0.046304042538985665	WRKY7, ATWRKY7	NA, WRKY DNA-binding protein 7
AT5G46350	392	722	0.5429362880886427	14021	27206	0.5153642578842902	0.07141116952521771	0.0958557621703884	WRKY8, ATWRKY8	ARABIDOPSIS THALIANA WRKY DNA-BINDING PROTEIN 8, WRKY DNA-binding protein 8
AT3G42860	73	722	0.10110803324099724	2167	27206	0.07965154745276777	0.021003151285613503	0.0328704026846597	 	 
AT5G39760	421	722	0.5831024930747922	14781	27206	0.5432992722193634	0.016061555129740637	0.02583171769714047	ZHD10, HB23, AtHB23	homeobox protein 23, ZINC FINGER HOMEODOMAIN 10
AT2G18350	119	722	0.16481994459833796	3920	27206	0.14408586341248253	0.06196788346596621	0.08382477259543492	ZHD6, HB24, AtHB24	ZINC FINGER HOMEODOMAIN 6, homeobox protein 24
AT5G65410	399	722	0.5526315789473685	13783	27206	0.5066161876056752	0.006736105705823694	0.012055902006833175	ATHB25, ZFHD2, ZHD1, HB25	ARABIDOPSIS THALIANA HOMEOBOX PROTEIN 25, ZINC FINGER HOMEODOMAIN 1, homeobox protein 25, ZINC FINGER HOMEODOMAIN 2
AT1G14687	405	722	0.5609418282548476	12176	27206	0.44754833492611923	3.8442106127984106e-10	3.0491579633332846e-09	ZHD14, AtHB32, HB32	homeobox protein 32, ZINC FINGER HOMEODOMAIN 14
AT1G75240	379	722	0.5249307479224377	12208	27206	0.4487245460560171	1.874193776891545e-05	6.229463125096659e-05	AtHB33, ZHD5, HB33	homeobox protein 33, zinc-finger homeodomain 5
AT3G28920	192	722	0.2659279778393352	5711	27206	0.20991693008895096	0.00015653705614603085	0.0004138744893557937	ZHD9, HB34, AtHB34	ZINC FINGER HOMEODOMAIN 9, homeobox protein 34
